<?xml version="1.0" encoding="UTF-8"?>
<testsuite xmlns:xsi="http://www.w3.org/2001/XMLSchema-instance" xsi:noNamespaceSchemaLocation="https://maven.apache.org/surefire/maven-surefire-plugin/xsd/surefire-test-report-3.0.xsd" version="3.0" name="ClaimTest" time="0.014" tests="0" errors="0" skipped="0" failures="0">
  <properties>
    <property name="java.specification.version" value="21"/>
    <property name="sun.cpu.isalist" value="amd64"/>
    <property name="sun.jnu.encoding" value="Cp1252"/>
    <property name="java.class.path" value="D:\SourceCodes\Legend\Legend-Bukkit\target\test-classes;D:\SourceCodes\Legend\Legend-Bukkit\target\classes;C:\Users\lbudd\.m2\repository\org\spigotmc\spigot-api\1.21.1-R0.1-SNAPSHOT\spigot-api-1.21.1-R0.1-SNAPSHOT.jar;C:\Users\lbudd\.m2\repository\com\google\guava\guava\32.1.2-jre\guava-32.1.2-jre.jar;C:\Users\lbudd\.m2\repository\com\google\guava\failureaccess\1.0.1\failureaccess-1.0.1.jar;C:\Users\lbudd\.m2\repository\com\google\guava\listenablefuture\9999.0-empty-to-avoid-conflict-with-guava\listenablefuture-9999.0-empty-to-avoid-conflict-with-guava.jar;C:\Users\lbudd\.m2\repository\com\google\code\findbugs\jsr305\3.0.2\jsr305-3.0.2.jar;C:\Users\lbudd\.m2\repository\org\checkerframework\checker-qual\3.33.0\checker-qual-3.33.0.jar;C:\Users\lbudd\.m2\repository\com\google\errorprone\error_prone_annotations\2.18.0\error_prone_annotations-2.18.0.jar;C:\Users\lbudd\.m2\repository\com\google\j2objc\j2objc-annotations\2.8\j2objc-annotations-2.8.jar;C:\Users\lbudd\.m2\repository\com\google\code\gson\gson\2.10.1\gson-2.10.1.jar;C:\Users\lbudd\.m2\repository\org\joml\joml\1.10.5\joml-1.10.5.jar;C:\Users\lbudd\.m2\repository\net\md-5\bungeecord-chat\1.20-R0.2\bungeecord-chat-1.20-R0.2.jar;C:\Users\lbudd\.m2\repository\org\yaml\snakeyaml\2.2\snakeyaml-2.2.jar;C:\Users\lbudd\.m2\repository\org\spigotmc\spigot\1.21.1-R0.1-SNAPSHOT\spigot-1.21.1-R0.1-SNAPSHOT.jar;C:\Users\lbudd\.m2\repository\jline\jline\2.12.1\jline-2.12.1.jar;C:\Users\lbudd\.m2\repository\org\apache\logging\log4j\log4j-iostreams\2.22.1\log4j-iostreams-2.22.1.jar;C:\Users\lbudd\.m2\repository\org\apache\logging\log4j\log4j-api\2.22.1\log4j-api-2.22.1.jar;C:\Users\lbudd\.m2\repository\org\ow2\asm\asm-commons\9.7.1\asm-commons-9.7.1.jar;C:\Users\lbudd\.m2\repository\org\ow2\asm\asm\9.7.1\asm-9.7.1.jar;C:\Users\lbudd\.m2\repository\org\ow2\asm\asm-tree\9.7.1\asm-tree-9.7.1.jar;C:\Users\lbudd\.m2\repository\com\github\oshi\oshi-core\6.4.10\oshi-core-6.4.10.jar;C:\Users\lbudd\.m2\repository\com\mojang\authlib\6.0.54\authlib-6.0.54.jar;C:\Users\lbudd\.m2\repository\com\mojang\brigadier\1.2.9\brigadier-1.2.9.jar;C:\Users\lbudd\.m2\repository\com\mojang\datafixerupper\8.0.16\datafixerupper-8.0.16.jar;C:\Users\lbudd\.m2\repository\com\mojang\logging\1.2.7\logging-1.2.7.jar;C:\Users\lbudd\.m2\repository\commons-io\commons-io\2.15.1\commons-io-2.15.1.jar;C:\Users\lbudd\.m2\repository\io\netty\netty-buffer\4.1.97.Final\netty-buffer-4.1.97.Final.jar;C:\Users\lbudd\.m2\repository\io\netty\netty-codec\4.1.97.Final\netty-codec-4.1.97.Final.jar;C:\Users\lbudd\.m2\repository\io\netty\netty-common\4.1.97.Final\netty-common-4.1.97.Final.jar;C:\Users\lbudd\.m2\repository\io\netty\netty-handler\4.1.97.Final\netty-handler-4.1.97.Final.jar;C:\Users\lbudd\.m2\repository\io\netty\netty-resolver\4.1.97.Final\netty-resolver-4.1.97.Final.jar;C:\Users\lbudd\.m2\repository\io\netty\netty-transport\4.1.97.Final\netty-transport-4.1.97.Final.jar;C:\Users\lbudd\.m2\repository\io\netty\netty-transport-classes-epoll\4.1.97.Final\netty-transport-classes-epoll-4.1.97.Final.jar;C:\Users\lbudd\.m2\repository\io\netty\netty-transport-native-epoll\4.1.97.Final\netty-transport-native-epoll-4.1.97.Final-linux-x86_64.jar;C:\Users\lbudd\.m2\repository\io\netty\netty-transport-native-epoll\4.1.97.Final\netty-transport-native-epoll-4.1.97.Final-linux-aarch_64.jar;C:\Users\lbudd\.m2\repository\io\netty\netty-transport-native-unix-common\4.1.97.Final\netty-transport-native-unix-common-4.1.97.Final.jar;C:\Users\lbudd\.m2\repository\it\unimi\dsi\fastutil\8.5.12\fastutil-8.5.12.jar;C:\Users\lbudd\.m2\repository\net\java\dev\jna\jna\5.14.0\jna-5.14.0.jar;C:\Users\lbudd\.m2\repository\net\java\dev\jna\jna-platform\5.14.0\jna-platform-5.14.0.jar;C:\Users\lbudd\.m2\repository\net\sf\jopt-simple\jopt-simple\5.0.4\jopt-simple-5.0.4.jar;C:\Users\lbudd\.m2\repository\org\apache\commons\commons-lang3\3.14.0\commons-lang3-3.14.0.jar;C:\Users\lbudd\.m2\repository\org\apache\logging\log4j\log4j-core\2.22.1\log4j-core-2.22.1.jar;C:\Users\lbudd\.m2\repository\org\apache\logging\log4j\log4j-slf4j2-impl\2.22.1\log4j-slf4j2-impl-2.22.1.jar;C:\Users\lbudd\.m2\repository\org\slf4j\slf4j-api\2.0.9\slf4j-api-2.0.9.jar;C:\Users\lbudd\.m2\repository\org\lz4\lz4-java\1.8.0\lz4-java-1.8.0.jar;C:\Users\lbudd\.m2\repository\commons-lang\commons-lang\2.6\commons-lang-2.6.jar;C:\Users\lbudd\.m2\repository\com\googlecode\json-simple\json-simple\1.1.1\json-simple-1.1.1.jar;C:\Users\lbudd\.m2\repository\org\xerial\sqlite-jdbc\3.46.0.0\sqlite-jdbc-3.46.0.0.jar;C:\Users\lbudd\.m2\repository\com\mysql\mysql-connector-j\8.4.0\mysql-connector-j-8.4.0.jar;C:\Users\lbudd\.m2\repository\com\google\protobuf\protobuf-java\3.25.1\protobuf-java-3.25.1.jar;C:\Users\lbudd\.m2\repository\org\apache\maven\maven-resolver-provider\3.9.6\maven-resolver-provider-3.9.6.jar;C:\Users\lbudd\.m2\repository\org\apache\maven\maven-model\3.9.6\maven-model-3.9.6.jar;C:\Users\lbudd\.m2\repository\org\apache\maven\maven-model-builder\3.9.6\maven-model-builder-3.9.6.jar;C:\Users\lbudd\.m2\repository\org\codehaus\plexus\plexus-interpolation\1.26\plexus-interpolation-1.26.jar;C:\Users\lbudd\.m2\repository\org\apache\maven\maven-artifact\3.9.6\maven-artifact-3.9.6.jar;C:\Users\lbudd\.m2\repository\org\apache\maven\maven-builder-support\3.9.6\maven-builder-support-3.9.6.jar;C:\Users\lbudd\.m2\repository\org\eclipse\sisu\org.eclipse.sisu.inject\0.9.0.M2\org.eclipse.sisu.inject-0.9.0.M2.jar;C:\Users\lbudd\.m2\repository\org\apache\maven\maven-repository-metadata\3.9.6\maven-repository-metadata-3.9.6.jar;C:\Users\lbudd\.m2\repository\org\apache\maven\resolver\maven-resolver-api\1.9.18\maven-resolver-api-1.9.18.jar;C:\Users\lbudd\.m2\repository\org\apache\maven\resolver\maven-resolver-spi\1.9.18\maven-resolver-spi-1.9.18.jar;C:\Users\lbudd\.m2\repository\org\apache\maven\resolver\maven-resolver-util\1.9.18\maven-resolver-util-1.9.18.jar;C:\Users\lbudd\.m2\repository\org\apache\maven\resolver\maven-resolver-impl\1.9.18\maven-resolver-impl-1.9.18.jar;C:\Users\lbudd\.m2\repository\org\apache\maven\resolver\maven-resolver-named-locks\1.9.18\maven-resolver-named-locks-1.9.18.jar;C:\Users\lbudd\.m2\repository\org\codehaus\plexus\plexus-utils\3.5.1\plexus-utils-3.5.1.jar;C:\Users\lbudd\.m2\repository\javax\inject\javax.inject\1\javax.inject-1.jar;C:\Users\lbudd\.m2\repository\org\apache\maven\resolver\maven-resolver-connector-basic\1.9.18\maven-resolver-connector-basic-1.9.18.jar;C:\Users\lbudd\.m2\repository\org\apache\maven\resolver\maven-resolver-transport-http\1.9.18\maven-resolver-transport-http-1.9.18.jar;C:\Users\lbudd\.m2\repository\org\apache\httpcomponents\httpclient\4.5.14\httpclient-4.5.14.jar;C:\Users\lbudd\.m2\repository\org\apache\httpcomponents\httpcore\4.4.16\httpcore-4.4.16.jar;C:\Users\lbudd\.m2\repository\commons-codec\commons-codec\1.16.0\commons-codec-1.16.0.jar;C:\Users\lbudd\.m2\repository\org\slf4j\jcl-over-slf4j\1.7.36\jcl-over-slf4j-1.7.36.jar;C:\Users\lbudd\.m2\repository\org\projectlombok\lombok\1.18.36\lombok-1.18.36.jar;C:\Users\lbudd\.m2\repository\dev\lbuddyboy\commons\Commons-Bukkit\1.1\Commons-Bukkit-1.1.jar;C:\Users\lbudd\.m2\repository\dev\lbuddyboy\arrow\Arrow-Bukkit\1.0\Arrow-Bukkit-1.0.jar;C:\Users\lbudd\.m2\repository\dev\lbuddyboy\Events\1.0\Events-1.0.jar;C:\Users\lbudd\.m2\repository\dev\lbuddyboy\auctionhouse\AuctionHouse\1.0\AuctionHouse-1.0.jar;C:\Users\lbudd\.m2\repository\com\lunarclient\apollo-api\1.1.2\apollo-api-1.1.2.jar;C:\Users\lbudd\.m2\repository\org\jetbrains\annotations\24.1.0\annotations-24.1.0.jar;C:\Users\lbudd\.m2\repository\dev\lbuddyboy\rollback\Rollback\1.0\Rollback-1.0.jar;D:\SourceCodes\Legend\Legend-Bukkit\libs\DecentHolograms.jar;D:\SourceCodes\Legend\Legend-Bukkit\libs\Citizens.jar;D:\SourceCodes\Legend\Legend-Bukkit\libs\znpcs.jar;C:\Users\lbudd\.m2\repository\dev\lbuddyboy\Crates\1.0\Crates-1.0.jar;C:\Users\lbudd\.m2\repository\dev\lbuddyboy\combatlogger\CombatLogger\1.0\CombatLogger-1.0.jar;"/>
    <property name="java.vm.vendor" value="Oracle Corporation"/>
    <property name="sun.arch.data.model" value="64"/>
    <property name="user.variant" value=""/>
    <property name="java.vendor.url" value="https://java.oracle.com/"/>
    <property name="user.timezone" value="America/Chicago"/>
    <property name="os.name" value="Windows 10"/>
    <property name="java.vm.specification.version" value="21"/>
    <property name="sun.java.launcher" value="SUN_STANDARD"/>
    <property name="user.country" value="US"/>
    <property name="sun.boot.library.path" value="C:\Program Files\Java\jdk-21\bin"/>
    <property name="sun.java.command" value="C:\Users\lbudd\AppData\Local\Temp\surefire12062546090921190339\surefirebooter-20241125024849086_3.jar C:\Users\lbudd\AppData\Local\Temp\surefire12062546090921190339 2024-11-25T02-48-48_933-jvmRun1 surefire-20241125024849086_1tmp surefire_0-20241125024849086_2tmp"/>
    <property name="jdk.debug" value="release"/>
    <property name="surefire.test.class.path" value="D:\SourceCodes\Legend\Legend-Bukkit\target\test-classes;D:\SourceCodes\Legend\Legend-Bukkit\target\classes;C:\Users\lbudd\.m2\repository\org\spigotmc\spigot-api\1.21.1-R0.1-SNAPSHOT\spigot-api-1.21.1-R0.1-SNAPSHOT.jar;C:\Users\lbudd\.m2\repository\com\google\guava\guava\32.1.2-jre\guava-32.1.2-jre.jar;C:\Users\lbudd\.m2\repository\com\google\guava\failureaccess\1.0.1\failureaccess-1.0.1.jar;C:\Users\lbudd\.m2\repository\com\google\guava\listenablefuture\9999.0-empty-to-avoid-conflict-with-guava\listenablefuture-9999.0-empty-to-avoid-conflict-with-guava.jar;C:\Users\lbudd\.m2\repository\com\google\code\findbugs\jsr305\3.0.2\jsr305-3.0.2.jar;C:\Users\lbudd\.m2\repository\org\checkerframework\checker-qual\3.33.0\checker-qual-3.33.0.jar;C:\Users\lbudd\.m2\repository\com\google\errorprone\error_prone_annotations\2.18.0\error_prone_annotations-2.18.0.jar;C:\Users\lbudd\.m2\repository\com\google\j2objc\j2objc-annotations\2.8\j2objc-annotations-2.8.jar;C:\Users\lbudd\.m2\repository\com\google\code\gson\gson\2.10.1\gson-2.10.1.jar;C:\Users\lbudd\.m2\repository\org\joml\joml\1.10.5\joml-1.10.5.jar;C:\Users\lbudd\.m2\repository\net\md-5\bungeecord-chat\1.20-R0.2\bungeecord-chat-1.20-R0.2.jar;C:\Users\lbudd\.m2\repository\org\yaml\snakeyaml\2.2\snakeyaml-2.2.jar;C:\Users\lbudd\.m2\repository\org\spigotmc\spigot\1.21.1-R0.1-SNAPSHOT\spigot-1.21.1-R0.1-SNAPSHOT.jar;C:\Users\lbudd\.m2\repository\jline\jline\2.12.1\jline-2.12.1.jar;C:\Users\lbudd\.m2\repository\org\apache\logging\log4j\log4j-iostreams\2.22.1\log4j-iostreams-2.22.1.jar;C:\Users\lbudd\.m2\repository\org\apache\logging\log4j\log4j-api\2.22.1\log4j-api-2.22.1.jar;C:\Users\lbudd\.m2\repository\org\ow2\asm\asm-commons\9.7.1\asm-commons-9.7.1.jar;C:\Users\lbudd\.m2\repository\org\ow2\asm\asm\9.7.1\asm-9.7.1.jar;C:\Users\lbudd\.m2\repository\org\ow2\asm\asm-tree\9.7.1\asm-tree-9.7.1.jar;C:\Users\lbudd\.m2\repository\com\github\oshi\oshi-core\6.4.10\oshi-core-6.4.10.jar;C:\Users\lbudd\.m2\repository\com\mojang\authlib\6.0.54\authlib-6.0.54.jar;C:\Users\lbudd\.m2\repository\com\mojang\brigadier\1.2.9\brigadier-1.2.9.jar;C:\Users\lbudd\.m2\repository\com\mojang\datafixerupper\8.0.16\datafixerupper-8.0.16.jar;C:\Users\lbudd\.m2\repository\com\mojang\logging\1.2.7\logging-1.2.7.jar;C:\Users\lbudd\.m2\repository\commons-io\commons-io\2.15.1\commons-io-2.15.1.jar;C:\Users\lbudd\.m2\repository\io\netty\netty-buffer\4.1.97.Final\netty-buffer-4.1.97.Final.jar;C:\Users\lbudd\.m2\repository\io\netty\netty-codec\4.1.97.Final\netty-codec-4.1.97.Final.jar;C:\Users\lbudd\.m2\repository\io\netty\netty-common\4.1.97.Final\netty-common-4.1.97.Final.jar;C:\Users\lbudd\.m2\repository\io\netty\netty-handler\4.1.97.Final\netty-handler-4.1.97.Final.jar;C:\Users\lbudd\.m2\repository\io\netty\netty-resolver\4.1.97.Final\netty-resolver-4.1.97.Final.jar;C:\Users\lbudd\.m2\repository\io\netty\netty-transport\4.1.97.Final\netty-transport-4.1.97.Final.jar;C:\Users\lbudd\.m2\repository\io\netty\netty-transport-classes-epoll\4.1.97.Final\netty-transport-classes-epoll-4.1.97.Final.jar;C:\Users\lbudd\.m2\repository\io\netty\netty-transport-native-epoll\4.1.97.Final\netty-transport-native-epoll-4.1.97.Final-linux-x86_64.jar;C:\Users\lbudd\.m2\repository\io\netty\netty-transport-native-epoll\4.1.97.Final\netty-transport-native-epoll-4.1.97.Final-linux-aarch_64.jar;C:\Users\lbudd\.m2\repository\io\netty\netty-transport-native-unix-common\4.1.97.Final\netty-transport-native-unix-common-4.1.97.Final.jar;C:\Users\lbudd\.m2\repository\it\unimi\dsi\fastutil\8.5.12\fastutil-8.5.12.jar;C:\Users\lbudd\.m2\repository\net\java\dev\jna\jna\5.14.0\jna-5.14.0.jar;C:\Users\lbudd\.m2\repository\net\java\dev\jna\jna-platform\5.14.0\jna-platform-5.14.0.jar;C:\Users\lbudd\.m2\repository\net\sf\jopt-simple\jopt-simple\5.0.4\jopt-simple-5.0.4.jar;C:\Users\lbudd\.m2\repository\org\apache\commons\commons-lang3\3.14.0\commons-lang3-3.14.0.jar;C:\Users\lbudd\.m2\repository\org\apache\logging\log4j\log4j-core\2.22.1\log4j-core-2.22.1.jar;C:\Users\lbudd\.m2\repository\org\apache\logging\log4j\log4j-slf4j2-impl\2.22.1\log4j-slf4j2-impl-2.22.1.jar;C:\Users\lbudd\.m2\repository\org\slf4j\slf4j-api\2.0.9\slf4j-api-2.0.9.jar;C:\Users\lbudd\.m2\repository\org\lz4\lz4-java\1.8.0\lz4-java-1.8.0.jar;C:\Users\lbudd\.m2\repository\commons-lang\commons-lang\2.6\commons-lang-2.6.jar;C:\Users\lbudd\.m2\repository\com\googlecode\json-simple\json-simple\1.1.1\json-simple-1.1.1.jar;C:\Users\lbudd\.m2\repository\org\xerial\sqlite-jdbc\3.46.0.0\sqlite-jdbc-3.46.0.0.jar;C:\Users\lbudd\.m2\repository\com\mysql\mysql-connector-j\8.4.0\mysql-connector-j-8.4.0.jar;C:\Users\lbudd\.m2\repository\com\google\protobuf\protobuf-java\3.25.1\protobuf-java-3.25.1.jar;C:\Users\lbudd\.m2\repository\org\apache\maven\maven-resolver-provider\3.9.6\maven-resolver-provider-3.9.6.jar;C:\Users\lbudd\.m2\repository\org\apache\maven\maven-model\3.9.6\maven-model-3.9.6.jar;C:\Users\lbudd\.m2\repository\org\apache\maven\maven-model-builder\3.9.6\maven-model-builder-3.9.6.jar;C:\Users\lbudd\.m2\repository\org\codehaus\plexus\plexus-interpolation\1.26\plexus-interpolation-1.26.jar;C:\Users\lbudd\.m2\repository\org\apache\maven\maven-artifact\3.9.6\maven-artifact-3.9.6.jar;C:\Users\lbudd\.m2\repository\org\apache\maven\maven-builder-support\3.9.6\maven-builder-support-3.9.6.jar;C:\Users\lbudd\.m2\repository\org\eclipse\sisu\org.eclipse.sisu.inject\0.9.0.M2\org.eclipse.sisu.inject-0.9.0.M2.jar;C:\Users\lbudd\.m2\repository\org\apache\maven\maven-repository-metadata\3.9.6\maven-repository-metadata-3.9.6.jar;C:\Users\lbudd\.m2\repository\org\apache\maven\resolver\maven-resolver-api\1.9.18\maven-resolver-api-1.9.18.jar;C:\Users\lbudd\.m2\repository\org\apache\maven\resolver\maven-resolver-spi\1.9.18\maven-resolver-spi-1.9.18.jar;C:\Users\lbudd\.m2\repository\org\apache\maven\resolver\maven-resolver-util\1.9.18\maven-resolver-util-1.9.18.jar;C:\Users\lbudd\.m2\repository\org\apache\maven\resolver\maven-resolver-impl\1.9.18\maven-resolver-impl-1.9.18.jar;C:\Users\lbudd\.m2\repository\org\apache\maven\resolver\maven-resolver-named-locks\1.9.18\maven-resolver-named-locks-1.9.18.jar;C:\Users\lbudd\.m2\repository\org\codehaus\plexus\plexus-utils\3.5.1\plexus-utils-3.5.1.jar;C:\Users\lbudd\.m2\repository\javax\inject\javax.inject\1\javax.inject-1.jar;C:\Users\lbudd\.m2\repository\org\apache\maven\resolver\maven-resolver-connector-basic\1.9.18\maven-resolver-connector-basic-1.9.18.jar;C:\Users\lbudd\.m2\repository\org\apache\maven\resolver\maven-resolver-transport-http\1.9.18\maven-resolver-transport-http-1.9.18.jar;C:\Users\lbudd\.m2\repository\org\apache\httpcomponents\httpclient\4.5.14\httpclient-4.5.14.jar;C:\Users\lbudd\.m2\repository\org\apache\httpcomponents\httpcore\4.4.16\httpcore-4.4.16.jar;C:\Users\lbudd\.m2\repository\commons-codec\commons-codec\1.16.0\commons-codec-1.16.0.jar;C:\Users\lbudd\.m2\repository\org\slf4j\jcl-over-slf4j\1.7.36\jcl-over-slf4j-1.7.36.jar;C:\Users\lbudd\.m2\repository\org\projectlombok\lombok\1.18.36\lombok-1.18.36.jar;C:\Users\lbudd\.m2\repository\dev\lbuddyboy\commons\Commons-Bukkit\1.1\Commons-Bukkit-1.1.jar;C:\Users\lbudd\.m2\repository\dev\lbuddyboy\arrow\Arrow-Bukkit\1.0\Arrow-Bukkit-1.0.jar;C:\Users\lbudd\.m2\repository\dev\lbuddyboy\Events\1.0\Events-1.0.jar;C:\Users\lbudd\.m2\repository\dev\lbuddyboy\auctionhouse\AuctionHouse\1.0\AuctionHouse-1.0.jar;C:\Users\lbudd\.m2\repository\com\lunarclient\apollo-api\1.1.2\apollo-api-1.1.2.jar;C:\Users\lbudd\.m2\repository\org\jetbrains\annotations\24.1.0\annotations-24.1.0.jar;C:\Users\lbudd\.m2\repository\dev\lbuddyboy\rollback\Rollback\1.0\Rollback-1.0.jar;D:\SourceCodes\Legend\Legend-Bukkit\libs\DecentHolograms.jar;D:\SourceCodes\Legend\Legend-Bukkit\libs\Citizens.jar;D:\SourceCodes\Legend\Legend-Bukkit\libs\znpcs.jar;C:\Users\lbudd\.m2\repository\dev\lbuddyboy\Crates\1.0\Crates-1.0.jar;C:\Users\lbudd\.m2\repository\dev\lbuddyboy\combatlogger\CombatLogger\1.0\CombatLogger-1.0.jar;"/>
    <property name="sun.cpu.endian" value="little"/>
    <property name="user.home" value="C:\Users\lbudd"/>
    <property name="user.language" value="en"/>
    <property name="java.specification.vendor" value="Oracle Corporation"/>
    <property name="java.version.date" value="2024-04-16"/>
    <property name="java.home" value="C:\Program Files\Java\jdk-21"/>
    <property name="file.separator" value="\"/>
    <property name="basedir" value="D:\SourceCodes\Legend\Legend-Bukkit"/>
    <property name="java.vm.compressedOopsMode" value="Zero based"/>
    <property name="line.separator" value="&#10;"/>
    <property name="java.vm.specification.vendor" value="Oracle Corporation"/>
    <property name="java.specification.name" value="Java Platform API Specification"/>
    <property name="surefire.real.class.path" value="C:\Users\lbudd\AppData\Local\Temp\surefire12062546090921190339\surefirebooter-20241125024849086_3.jar"/>
    <property name="user.script" value=""/>
    <property name="sun.management.compiler" value="HotSpot 64-Bit Tiered Compilers"/>
    <property name="java.runtime.version" value="21.0.3+7-LTS-152"/>
    <property name="user.name" value="lbudd"/>
    <property name="stdout.encoding" value="Cp1252"/>
    <property name="path.separator" value=";"/>
    <property name="os.version" value="10.0"/>
    <property name="java.runtime.name" value="Java(TM) SE Runtime Environment"/>
    <property name="file.encoding" value="UTF-8"/>
    <property name="java.vm.name" value="Java HotSpot(TM) 64-Bit Server VM"/>
    <property name="localRepository" value="C:\Users\lbudd\.m2\repository"/>
    <property name="java.vendor.url.bug" value="https://bugreport.java.com/bugreport/"/>
    <property name="java.io.tmpdir" value="C:\Users\lbudd\AppData\Local\Temp\"/>
    <property name="idea.version" value="2024.1.1"/>
    <property name="java.version" value="21.0.3"/>
    <property name="user.dir" value="D:\SourceCodes\Legend\Legend-Bukkit"/>
    <property name="os.arch" value="amd64"/>
    <property name="java.vm.specification.name" value="Java Virtual Machine Specification"/>
    <property name="sun.os.patch.level" value=""/>
    <property name="native.encoding" value="Cp1252"/>
    <property name="java.library.path" value="C:\Program Files\Java\jdk-21\bin;C:\WINDOWS\Sun\Java\bin;C:\WINDOWS\system32;C:\WINDOWS;C:\Program Files\Common Files\Oracle\Java\javapath;C:\WINDOWS\system32;C:\WINDOWS;C:\WINDOWS\System32\Wbem;C:\WINDOWS\System32\WindowsPowerShell\v1.0\;C:\WINDOWS\System32\OpenSSH\;C:\Program Files\Git\cmd;C:\Program Files (x86)\Bitvise SSH Client;C:\Users\lbudd\AppData\Local\Programs\Python\Python312\Scripts\;C:\Users\lbudd\AppData\Local\Programs\Python\Python312\;C:\Users\lbudd\AppData\Local\Microsoft\WindowsApps;C:\Users\lbudd\AppData\Local\GitHubDesktop\bin;C:\Users\lbudd\AppData\Local\Programs\Microsoft VS Code\bin;."/>
    <property name="java.vm.info" value="mixed mode, sharing"/>
    <property name="stderr.encoding" value="Cp1252"/>
    <property name="java.vendor" value="Oracle Corporation"/>
    <property name="java.vm.version" value="21.0.3+7-LTS-152"/>
    <property name="sun.io.unicode.encoding" value="UnicodeLittle"/>
    <property name="java.class.version" value="65.0"/>
  </properties>
</testsuite>